<?xml version="1.0" encoding="utf-8"?>
<shfbBuild product="Sandcastle Help File Builder and Tools" version="2016.9.17.0" projectFile="D:\facultate\Anul III\Semestrul_I\PIU\Proiect\Encrypt\MemoryGame\FirstDocumentation.shfbproj" started="11.12.2016 14:09:01">
<buildStep step="Initializing">
Finding tools...
The Sandcastle tools are located in &#39;C:\Program Files (x86)\EWSoftware\Sandcastle Help File Builder\&#39;
Searching for HTML Help 1 compiler...
Found HTML Help 1 compiler in &#39;C:\Program Files (x86)\HTML Help Workshop\&#39;
Locating components in the following folder(s):
    D:\facultate\Anul III\Semestrul_I\PIU\Proiect\Encrypt\MemoryGame
    C:\ProgramData\EWSoftware\Sandcastle Help File Builder\Components and Plug-Ins\
    C:\Program Files (x86)\EWSoftware\Sandcastle Help File Builder\
Using framework reflection data for &#39;.NET Framework 4.5&#39; located in &#39;C:\Program Files (x86)\EWSoftware\Sandcastle Help File Builder\Data\.NETFramework&#39;
Using presentation style &#39;VS2013&#39; located in &#39;C:\Program Files (x86)\EWSoftware\Sandcastle Help File Builder\PresentationStyles\VS2013&#39;
Loading and initializing plug-ins...
Lightweight Website Style Version 2016.9.17.0
Copyright &#169; 2006-2016, Eric Woodruff, All Rights Reserved
Portions Copyright &#169; 2014, Sam Harwell, All Rights Reserved
</buildStep>
<buildStep step="ValidatingDocumentationSources">
Validating and copying documentation source information
Source: D:\facultate\Anul III\Semestrul_I\PIU\Proiect\Encrypt\MemoryGame\MemoryGame\Interfatagrafica\bin\Debug\Interfatagrafica.XML
Source: D:\facultate\Anul III\Semestrul_I\PIU\Proiect\Encrypt\MemoryGame\MemoryGame\Interfatagrafica\bin\Debug\Interfatagrafica.exe
    Found assembly &#39;D:\facultate\Anul III\Semestrul_I\PIU\Proiect\Encrypt\MemoryGame\MemoryGame\Interfatagrafica\bin\Debug\Interfatagrafica.exe&#39;

Copying XML comments files
    D:\facultate\Anul III\Semestrul_I\PIU\Proiect\Encrypt\MemoryGame\MemoryGame\Interfatagrafica\bin\Debug\Interfatagrafica.XML -&gt; D:\facultate\Anul III\Semestrul_I\PIU\Proiect\Encrypt\MemoryGame\BuildHere\Interfatagrafica.XML
</buildStep>
<buildStep step="GenerateSharedContent">
Generating shared content files (en-US, English (United States))...
<plugIn name="Lightweight Website Style" behavior="After" priority="1000">
</plugIn>    Last step completed in 00:00:00,0180
</buildStep>
<buildStep step="GenerateApiFilter">
Generating API filter for MRefBuilder...
    Last step completed in 00:00:00,0020
</buildStep>
<buildStep step="GenerateReflectionInfo">
Generating reflection information...
[C:\Windows\Microsoft.NET\Framework64\v4.0.30319\MSBuild.exe - GenerateRefInfo.proj]
Build started 11.12.2016 14:09:04.
Project &quot;D:\facultate\Anul III\Semestrul_I\PIU\Proiect\Encrypt\MemoryGame\BuildHere\GenerateRefInfo.proj&quot; on node 1 (default targets).
PrepareForBuild:
  Creating directory &quot;obj\Debug\&quot;.
GenerateRefInfo:
  MRefBuilder (v2016.9.17.0)
  Copyright c 2006-2016, Microsoft Corporation, All Rights Reserved.
  Portions Copyright c 2006-2016, Eric Woodruff, All Rights Reserved.
  No source code context base path specified.  Source context information is unavailable.
  Loaded 1 assemblies for reflection and 1 dependency assemblies.
  Wrote information on 2 namespaces, 6 types, and 118 members
  Copying file from &quot;reflection.org&quot; to &quot;reflection.all&quot;.
  XslTransform (v2016.9.17.0)
  Copyright c 2006-2016, Microsoft Corporation, All Rights Reserved.
  Portions Copyright c 2006-2016, Eric Woodruff, All Rights Reserved.
  Applying XSL transformation &#39;C:\Program Files (x86)\EWSoftware\Sandcastle Help File Builder\ProductionTransforms\MergeDuplicates.xsl&#39;.
Done Building Project &quot;D:\facultate\Anul III\Semestrul_I\PIU\Proiect\Encrypt\MemoryGame\BuildHere\GenerateRefInfo.proj&quot; (default targets).

Build succeeded.

Time Elapsed 00:00:07.61
    Last step completed in 00:00:09,0745
</buildStep>
<buildStep step="TransformReflectionInfo">
Transforming reflection output...
[C:\Windows\Microsoft.NET\Framework64\v4.0.30319\MSBuild.exe - TransformManifest.proj]
Build started 11.12.2016 14:09:13.
Project &quot;D:\facultate\Anul III\Semestrul_I\PIU\Proiect\Encrypt\MemoryGame\BuildHere\TransformManifest.proj&quot; on node 1 (default targets).
TransformManifest:
  XslTransform (v2016.9.17.0)
  Copyright c 2006-2016, Microsoft Corporation, All Rights Reserved.
  Portions Copyright c 2006-2016, Eric Woodruff, All Rights Reserved.
  Applying XSL transformation &#39;C:\Program Files (x86)\EWSoftware\Sandcastle Help File Builder\\ProductionTransforms\ApplyVSDocModel.xsl&#39;.
  Copying file from &quot;reflection.xml&quot; to &quot;reflection.nofilenames&quot;.
  XslTransform (v2016.9.17.0)
  Copyright c 2006-2016, Microsoft Corporation, All Rights Reserved.
  Portions Copyright c 2006-2016, Eric Woodruff, All Rights Reserved.
  Applying XSL transformation &#39;C:\Program Files (x86)\EWSoftware\Sandcastle Help File Builder\ProductionTransforms\AddFilenames.xsl&#39;.
  XslTransform (v2016.9.17.0)
  Copyright c 2006-2016, Microsoft Corporation, All Rights Reserved.
  Portions Copyright c 2006-2016, Eric Woodruff, All Rights Reserved.
  Applying XSL transformation &#39;C:\Program Files (x86)\EWSoftware\Sandcastle Help File Builder\ProductionTransforms\ReflectionToManifest.xsl&#39;.
Done Building Project &quot;D:\facultate\Anul III\Semestrul_I\PIU\Proiect\Encrypt\MemoryGame\BuildHere\TransformManifest.proj&quot; (default targets).

Build succeeded.

Time Elapsed 00:00:06.45
    Last step completed in 00:00:07,8344
</buildStep>
<buildStep step="GenerateNamespaceSummaries">
Generating namespace summary information...
    Last step completed in 00:00:00,1650
</buildStep>
<buildStep step="CopyAdditionalContent">
Copying additional content files...
No additional content to copy
    Last step completed in 00:00:00,0000
</buildStep>
<buildStep step="MergeTablesOfContents">
Merging conceptual and additional tables of contents...
    Last step completed in 00:00:00,0000
</buildStep>
<buildStep step="GenerateIntermediateTableOfContents">
Generating intermediate table of contents file...
[C:\Windows\Microsoft.NET\Framework64\v4.0.30319\MSBuild.exe - GenerateIntermediateTOC.proj]
Build started 11.12.2016 14:09:21.
Project &quot;D:\facultate\Anul III\Semestrul_I\PIU\Proiect\Encrypt\MemoryGame\BuildHere\GenerateIntermediateTOC.proj&quot; on node 1 (default targets).
GenerateIntermediateTOC:
  XslTransform (v2016.9.17.0)
  Copyright c 2006-2016, Microsoft Corporation, All Rights Reserved.
  Portions Copyright c 2006-2016, Eric Woodruff, All Rights Reserved.
  Applying XSL transformation &#39;C:\Program Files (x86)\EWSoftware\Sandcastle Help File Builder\\ProductionTransforms\CreateVSToc.xsl&#39;.
Done Building Project &quot;D:\facultate\Anul III\Semestrul_I\PIU\Proiect\Encrypt\MemoryGame\BuildHere\GenerateIntermediateTOC.proj&quot; (default targets).

Build succeeded.

Time Elapsed 00:00:03.51
Generating conceptual content intermediate TOC file...
    Last step completed in 00:00:04,9333
</buildStep>
<buildStep step="CreateBuildAssemblerConfigs">
Creating Sandcastle configuration files...
    sandcastle.config
    Last step completed in 00:00:01,4351
</buildStep>
<buildStep step="MergeCustomConfigs">
Merging custom build component configurations
D:\facultate\Anul III\Semestrul_I\PIU\Proiect\Encrypt\MemoryGame\BuildHere\sandcastle.config
  Updating reference topic configurations.
  No conceptual content.  Removing conceptual content components.
    Last step completed in 00:00:00,0150
</buildStep>
<buildStep step="BuildTopics">
Building help topics...
[C:\Windows\Microsoft.NET\Framework64\v4.0.30319\MSBuild.exe - BuildTopics.proj]
Build started 11.12.2016 14:09:27.
Project &quot;D:\facultate\Anul III\Semestrul_I\PIU\Proiect\Encrypt\MemoryGame\BuildHere\BuildTopics.proj&quot; on node 1 (default targets).
BuildTopics:
  BuildAssembler (v2016.9.17.0)
  Copyright c 2006-2016, Microsoft Corporation, All Rights Reserved.
  Portions Copyright c 2006-2016, Eric Woodruff, All Rights Reserved.
  Loading configuration...
  ResolveReferenceLinksComponent: The MSDN content ID cache &#39;C:\Users\Cristian\AppData\Local\EWSoftware\Sandcastle Help File Builder\Cache\MsdnContentId.cache&#39; does not exist yet.  All IDs will be looked up in this build which will slow it down.
  Processing topics...
BuildAssembler : warning : ShowMissingComponent: [N:Interfatagrafica] Missing &lt;summary&gt; documentation [D:\facultate\Anul III\Semestrul_I\PIU\Proiect\Encrypt\MemoryGame\BuildHere\BuildTopics.proj]
BuildAssembler : warning : ResolveReferenceLinksComponent: [T:Interfatagrafica.ClasaFisiere] MSDN web service failed.  No further look ups will be performed for this build. [D:\facultate\Anul III\Semestrul_I\PIU\Proiect\Encrypt\MemoryGame\BuildHere\BuildTopics.proj]
BuildAssembler : warning : Reason: The request failed with HTTP status 417: Expectation Failed. [D:\facultate\Anul III\Semestrul_I\PIU\Proiect\Encrypt\MemoryGame\BuildHere\BuildTopics.proj]
BuildAssembler : warning : ShowMissingComponent: [T:Interfatagrafica.Program] Missing &lt;summary&gt; documentation [D:\facultate\Anul III\Semestrul_I\PIU\Proiect\Encrypt\MemoryGame\BuildHere\BuildTopics.proj]
BuildAssembler : warning : ShowMissingComponent: [N:Interfatagrafica.Properties] Missing &lt;summary&gt; documentation [D:\facultate\Anul III\Semestrul_I\PIU\Proiect\Encrypt\MemoryGame\BuildHere\BuildTopics.proj]
BuildAssembler : warning : ShowMissingComponent: [F:Interfatagrafica.Properties.Resources.resourceCulture] Missing &lt;summary&gt; documentation [D:\facultate\Anul III\Semestrul_I\PIU\Proiect\Encrypt\MemoryGame\BuildHere\BuildTopics.proj]
BuildAssembler : warning : ShowMissingComponent: [F:Interfatagrafica.Properties.Resources.resourceMan] Missing &lt;summary&gt; documentation [D:\facultate\Anul III\Semestrul_I\PIU\Proiect\Encrypt\MemoryGame\BuildHere\BuildTopics.proj]
  Processed 143 topic(s)
  6 warning(s)
  CopyFromIndexComponent: &quot;reflection&quot; in-memory cache entries used: 9 of 15.
  CopyFromIndexComponent: &quot;comments&quot; in-memory cache entries used: 4 of 30.
Done Building Project &quot;D:\facultate\Anul III\Semestrul_I\PIU\Proiect\Encrypt\MemoryGame\BuildHere\BuildTopics.proj&quot; (default targets).

Build succeeded.

Time Elapsed 00:00:49.68
    Last step completed in 00:00:51,2329
</buildStep>
<buildStep step="CombiningIntermediateTocFiles">
Combining conceptual and API intermediate TOC files...
    Last step completed in 00:00:00,0270
</buildStep>
<buildStep step="ExtractingHtmlInfo">
Extracting HTML info for HTML Help 1 and/or website...
[C:\Windows\Microsoft.NET\Framework64\v4.0.30319\MSBuild.exe - ExtractHtmlInfo.proj]
Sandcastle Help File Builder and Tools, version 2016.9.17.0
Copyright c 2006-2016, Eric Woodruff, All Rights Reserved
E-Mail: Eric@EWoodruff.us

Using LCID &#39;1033&#39;, code page &#39;65001&#39;, encoding charset &#39;UTF-8&#39;.

Processing Help 1 files in D:\facultate\Anul III\Semestrul_I\PIU\Proiect\Encrypt\MemoryGame\BuildHere\Output\HtmlHelp1
Processed 143 HTML files
Sorting keywords and generating See Also indices
Saving HTML Help 1 keyword index to D:\facultate\Anul III\Semestrul_I\PIU\Proiect\Encrypt\MemoryGame\BuildHere\Documentation.hhk
Saving HTML Help 1 table of contents to D:\facultate\Anul III\Semestrul_I\PIU\Proiect\Encrypt\MemoryGame\BuildHere\Documentation.hhc
    Last step completed in 00:00:06,2434
</buildStep>
<buildStep step="CopyStandardHelpContent">
Copying standard help content...
C:\Program Files (x86)\EWSoftware\Sandcastle Help File Builder\PresentationStyles\VS2013\icons\AlertCaution.png -&gt; D:\facultate\Anul III\Semestrul_I\PIU\Proiect\Encrypt\MemoryGame\BuildHere\Output\HtmlHelp1\icons\AlertCaution.png
C:\Program Files (x86)\EWSoftware\Sandcastle Help File Builder\PresentationStyles\VS2013\icons\AlertNote.png -&gt; D:\facultate\Anul III\Semestrul_I\PIU\Proiect\Encrypt\MemoryGame\BuildHere\Output\HtmlHelp1\icons\AlertNote.png
C:\Program Files (x86)\EWSoftware\Sandcastle Help File Builder\PresentationStyles\VS2013\icons\AlertSecurity.png -&gt; D:\facultate\Anul III\Semestrul_I\PIU\Proiect\Encrypt\MemoryGame\BuildHere\Output\HtmlHelp1\icons\AlertSecurity.png
C:\Program Files (x86)\EWSoftware\Sandcastle Help File Builder\PresentationStyles\VS2013\icons\CFW.gif -&gt; D:\facultate\Anul III\Semestrul_I\PIU\Proiect\Encrypt\MemoryGame\BuildHere\Output\HtmlHelp1\icons\CFW.gif
C:\Program Files (x86)\EWSoftware\Sandcastle Help File Builder\PresentationStyles\VS2013\icons\CodeExample.png -&gt; D:\facultate\Anul III\Semestrul_I\PIU\Proiect\Encrypt\MemoryGame\BuildHere\Output\HtmlHelp1\icons\CodeExample.png
C:\Program Files (x86)\EWSoftware\Sandcastle Help File Builder\PresentationStyles\VS2013\icons\favicon.ico -&gt; D:\facultate\Anul III\Semestrul_I\PIU\Proiect\Encrypt\MemoryGame\BuildHere\Output\HtmlHelp1\icons\favicon.ico
C:\Program Files (x86)\EWSoftware\Sandcastle Help File Builder\PresentationStyles\VS2013\icons\privclass.gif -&gt; D:\facultate\Anul III\Semestrul_I\PIU\Proiect\Encrypt\MemoryGame\BuildHere\Output\HtmlHelp1\icons\privclass.gif
C:\Program Files (x86)\EWSoftware\Sandcastle Help File Builder\PresentationStyles\VS2013\icons\privdelegate.gif -&gt; D:\facultate\Anul III\Semestrul_I\PIU\Proiect\Encrypt\MemoryGame\BuildHere\Output\HtmlHelp1\icons\privdelegate.gif
C:\Program Files (x86)\EWSoftware\Sandcastle Help File Builder\PresentationStyles\VS2013\icons\privenumeration.gif -&gt; D:\facultate\Anul III\Semestrul_I\PIU\Proiect\Encrypt\MemoryGame\BuildHere\Output\HtmlHelp1\icons\privenumeration.gif
C:\Program Files (x86)\EWSoftware\Sandcastle Help File Builder\PresentationStyles\VS2013\icons\privevent.gif -&gt; D:\facultate\Anul III\Semestrul_I\PIU\Proiect\Encrypt\MemoryGame\BuildHere\Output\HtmlHelp1\icons\privevent.gif
C:\Program Files (x86)\EWSoftware\Sandcastle Help File Builder\PresentationStyles\VS2013\icons\privextension.gif -&gt; D:\facultate\Anul III\Semestrul_I\PIU\Proiect\Encrypt\MemoryGame\BuildHere\Output\HtmlHelp1\icons\privextension.gif
C:\Program Files (x86)\EWSoftware\Sandcastle Help File Builder\PresentationStyles\VS2013\icons\privfield.gif -&gt; D:\facultate\Anul III\Semestrul_I\PIU\Proiect\Encrypt\MemoryGame\BuildHere\Output\HtmlHelp1\icons\privfield.gif
C:\Program Files (x86)\EWSoftware\Sandcastle Help File Builder\PresentationStyles\VS2013\icons\privinterface.gif -&gt; D:\facultate\Anul III\Semestrul_I\PIU\Proiect\Encrypt\MemoryGame\BuildHere\Output\HtmlHelp1\icons\privinterface.gif
C:\Program Files (x86)\EWSoftware\Sandcastle Help File Builder\PresentationStyles\VS2013\icons\privmethod.gif -&gt; D:\facultate\Anul III\Semestrul_I\PIU\Proiect\Encrypt\MemoryGame\BuildHere\Output\HtmlHelp1\icons\privmethod.gif
C:\Program Files (x86)\EWSoftware\Sandcastle Help File Builder\PresentationStyles\VS2013\icons\privproperty.gif -&gt; D:\facultate\Anul III\Semestrul_I\PIU\Proiect\Encrypt\MemoryGame\BuildHere\Output\HtmlHelp1\icons\privproperty.gif
C:\Program Files (x86)\EWSoftware\Sandcastle Help File Builder\PresentationStyles\VS2013\icons\privstructure.gif -&gt; D:\facultate\Anul III\Semestrul_I\PIU\Proiect\Encrypt\MemoryGame\BuildHere\Output\HtmlHelp1\icons\privstructure.gif
C:\Program Files (x86)\EWSoftware\Sandcastle Help File Builder\PresentationStyles\VS2013\icons\protclass.gif -&gt; D:\facultate\Anul III\Semestrul_I\PIU\Proiect\Encrypt\MemoryGame\BuildHere\Output\HtmlHelp1\icons\protclass.gif
C:\Program Files (x86)\EWSoftware\Sandcastle Help File Builder\PresentationStyles\VS2013\icons\protdelegate.gif -&gt; D:\facultate\Anul III\Semestrul_I\PIU\Proiect\Encrypt\MemoryGame\BuildHere\Output\HtmlHelp1\icons\protdelegate.gif
C:\Program Files (x86)\EWSoftware\Sandcastle Help File Builder\PresentationStyles\VS2013\icons\protenumeration.gif -&gt; D:\facultate\Anul III\Semestrul_I\PIU\Proiect\Encrypt\MemoryGame\BuildHere\Output\HtmlHelp1\icons\protenumeration.gif
C:\Program Files (x86)\EWSoftware\Sandcastle Help File Builder\PresentationStyles\VS2013\icons\protevent.gif -&gt; D:\facultate\Anul III\Semestrul_I\PIU\Proiect\Encrypt\MemoryGame\BuildHere\Output\HtmlHelp1\icons\protevent.gif
C:\Program Files (x86)\EWSoftware\Sandcastle Help File Builder\PresentationStyles\VS2013\icons\protextension.gif -&gt; D:\facultate\Anul III\Semestrul_I\PIU\Proiect\Encrypt\MemoryGame\BuildHere\Output\HtmlHelp1\icons\protextension.gif
C:\Program Files (x86)\EWSoftware\Sandcastle Help File Builder\PresentationStyles\VS2013\icons\protfield.gif -&gt; D:\facultate\Anul III\Semestrul_I\PIU\Proiect\Encrypt\MemoryGame\BuildHere\Output\HtmlHelp1\icons\protfield.gif
C:\Program Files (x86)\EWSoftware\Sandcastle Help File Builder\PresentationStyles\VS2013\icons\protinterface.gif -&gt; D:\facultate\Anul III\Semestrul_I\PIU\Proiect\Encrypt\MemoryGame\BuildHere\Output\HtmlHelp1\icons\protinterface.gif
C:\Program Files (x86)\EWSoftware\Sandcastle Help File Builder\PresentationStyles\VS2013\icons\protmethod.gif -&gt; D:\facultate\Anul III\Semestrul_I\PIU\Proiect\Encrypt\MemoryGame\BuildHere\Output\HtmlHelp1\icons\protmethod.gif
C:\Program Files (x86)\EWSoftware\Sandcastle Help File Builder\PresentationStyles\VS2013\icons\protoperator.gif -&gt; D:\facultate\Anul III\Semestrul_I\PIU\Proiect\Encrypt\MemoryGame\BuildHere\Output\HtmlHelp1\icons\protoperator.gif
C:\Program Files (x86)\EWSoftware\Sandcastle Help File Builder\PresentationStyles\VS2013\icons\protproperty.gif -&gt; D:\facultate\Anul III\Semestrul_I\PIU\Proiect\Encrypt\MemoryGame\BuildHere\Output\HtmlHelp1\icons\protproperty.gif
C:\Program Files (x86)\EWSoftware\Sandcastle Help File Builder\PresentationStyles\VS2013\icons\protstructure.gif -&gt; D:\facultate\Anul III\Semestrul_I\PIU\Proiect\Encrypt\MemoryGame\BuildHere\Output\HtmlHelp1\icons\protstructure.gif
C:\Program Files (x86)\EWSoftware\Sandcastle Help File Builder\PresentationStyles\VS2013\icons\pubclass.gif -&gt; D:\facultate\Anul III\Semestrul_I\PIU\Proiect\Encrypt\MemoryGame\BuildHere\Output\HtmlHelp1\icons\pubclass.gif
C:\Program Files (x86)\EWSoftware\Sandcastle Help File Builder\PresentationStyles\VS2013\icons\pubdelegate.gif -&gt; D:\facultate\Anul III\Semestrul_I\PIU\Proiect\Encrypt\MemoryGame\BuildHere\Output\HtmlHelp1\icons\pubdelegate.gif
C:\Program Files (x86)\EWSoftware\Sandcastle Help File Builder\PresentationStyles\VS2013\icons\pubenumeration.gif -&gt; D:\facultate\Anul III\Semestrul_I\PIU\Proiect\Encrypt\MemoryGame\BuildHere\Output\HtmlHelp1\icons\pubenumeration.gif
C:\Program Files (x86)\EWSoftware\Sandcastle Help File Builder\PresentationStyles\VS2013\icons\pubevent.gif -&gt; D:\facultate\Anul III\Semestrul_I\PIU\Proiect\Encrypt\MemoryGame\BuildHere\Output\HtmlHelp1\icons\pubevent.gif
C:\Program Files (x86)\EWSoftware\Sandcastle Help File Builder\PresentationStyles\VS2013\icons\pubextension.gif -&gt; D:\facultate\Anul III\Semestrul_I\PIU\Proiect\Encrypt\MemoryGame\BuildHere\Output\HtmlHelp1\icons\pubextension.gif
C:\Program Files (x86)\EWSoftware\Sandcastle Help File Builder\PresentationStyles\VS2013\icons\pubfield.gif -&gt; D:\facultate\Anul III\Semestrul_I\PIU\Proiect\Encrypt\MemoryGame\BuildHere\Output\HtmlHelp1\icons\pubfield.gif
C:\Program Files (x86)\EWSoftware\Sandcastle Help File Builder\PresentationStyles\VS2013\icons\pubinterface.gif -&gt; D:\facultate\Anul III\Semestrul_I\PIU\Proiect\Encrypt\MemoryGame\BuildHere\Output\HtmlHelp1\icons\pubinterface.gif
C:\Program Files (x86)\EWSoftware\Sandcastle Help File Builder\PresentationStyles\VS2013\icons\pubmethod.gif -&gt; D:\facultate\Anul III\Semestrul_I\PIU\Proiect\Encrypt\MemoryGame\BuildHere\Output\HtmlHelp1\icons\pubmethod.gif
C:\Program Files (x86)\EWSoftware\Sandcastle Help File Builder\PresentationStyles\VS2013\icons\puboperator.gif -&gt; D:\facultate\Anul III\Semestrul_I\PIU\Proiect\Encrypt\MemoryGame\BuildHere\Output\HtmlHelp1\icons\puboperator.gif
C:\Program Files (x86)\EWSoftware\Sandcastle Help File Builder\PresentationStyles\VS2013\icons\pubproperty.gif -&gt; D:\facultate\Anul III\Semestrul_I\PIU\Proiect\Encrypt\MemoryGame\BuildHere\Output\HtmlHelp1\icons\pubproperty.gif
C:\Program Files (x86)\EWSoftware\Sandcastle Help File Builder\PresentationStyles\VS2013\icons\pubstructure.gif -&gt; D:\facultate\Anul III\Semestrul_I\PIU\Proiect\Encrypt\MemoryGame\BuildHere\Output\HtmlHelp1\icons\pubstructure.gif
C:\Program Files (x86)\EWSoftware\Sandcastle Help File Builder\PresentationStyles\VS2013\icons\SectionCollapsed.png -&gt; D:\facultate\Anul III\Semestrul_I\PIU\Proiect\Encrypt\MemoryGame\BuildHere\Output\HtmlHelp1\icons\SectionCollapsed.png
C:\Program Files (x86)\EWSoftware\Sandcastle Help File Builder\PresentationStyles\VS2013\icons\SectionExpanded.png -&gt; D:\facultate\Anul III\Semestrul_I\PIU\Proiect\Encrypt\MemoryGame\BuildHere\Output\HtmlHelp1\icons\SectionExpanded.png
C:\Program Files (x86)\EWSoftware\Sandcastle Help File Builder\PresentationStyles\VS2013\icons\slMobile.gif -&gt; D:\facultate\Anul III\Semestrul_I\PIU\Proiect\Encrypt\MemoryGame\BuildHere\Output\HtmlHelp1\icons\slMobile.gif
C:\Program Files (x86)\EWSoftware\Sandcastle Help File Builder\PresentationStyles\VS2013\icons\static.gif -&gt; D:\facultate\Anul III\Semestrul_I\PIU\Proiect\Encrypt\MemoryGame\BuildHere\Output\HtmlHelp1\icons\static.gif
C:\Program Files (x86)\EWSoftware\Sandcastle Help File Builder\PresentationStyles\VS2013\icons\xna.gif -&gt; D:\facultate\Anul III\Semestrul_I\PIU\Proiect\Encrypt\MemoryGame\BuildHere\Output\HtmlHelp1\icons\xna.gif
C:\Program Files (x86)\EWSoftware\Sandcastle Help File Builder\PresentationStyles\VS2013\scripts\branding.js -&gt; D:\facultate\Anul III\Semestrul_I\PIU\Proiect\Encrypt\MemoryGame\BuildHere\Output\HtmlHelp1\scripts\branding.js
C:\Program Files (x86)\EWSoftware\Sandcastle Help File Builder\PresentationStyles\VS2013\styles\branding-cs-CZ.css -&gt; D:\facultate\Anul III\Semestrul_I\PIU\Proiect\Encrypt\MemoryGame\BuildHere\Output\HtmlHelp1\styles\branding-cs-CZ.css
C:\Program Files (x86)\EWSoftware\Sandcastle Help File Builder\PresentationStyles\VS2013\styles\branding-de-DE.css -&gt; D:\facultate\Anul III\Semestrul_I\PIU\Proiect\Encrypt\MemoryGame\BuildHere\Output\HtmlHelp1\styles\branding-de-DE.css
C:\Program Files (x86)\EWSoftware\Sandcastle Help File Builder\PresentationStyles\VS2013\styles\branding-en-US.css -&gt; D:\facultate\Anul III\Semestrul_I\PIU\Proiect\Encrypt\MemoryGame\BuildHere\Output\HtmlHelp1\styles\branding-en-US.css
C:\Program Files (x86)\EWSoftware\Sandcastle Help File Builder\PresentationStyles\VS2013\styles\branding-es-ES.css -&gt; D:\facultate\Anul III\Semestrul_I\PIU\Proiect\Encrypt\MemoryGame\BuildHere\Output\HtmlHelp1\styles\branding-es-ES.css
C:\Program Files (x86)\EWSoftware\Sandcastle Help File Builder\PresentationStyles\VS2013\styles\branding-fr-FR.css -&gt; D:\facultate\Anul III\Semestrul_I\PIU\Proiect\Encrypt\MemoryGame\BuildHere\Output\HtmlHelp1\styles\branding-fr-FR.css
C:\Program Files (x86)\EWSoftware\Sandcastle Help File Builder\PresentationStyles\VS2013\styles\branding-Help1.css -&gt; D:\facultate\Anul III\Semestrul_I\PIU\Proiect\Encrypt\MemoryGame\BuildHere\Output\HtmlHelp1\styles\branding-Help1.css
C:\Program Files (x86)\EWSoftware\Sandcastle Help File Builder\PresentationStyles\VS2013\styles\branding-HelpViewer.css -&gt; D:\facultate\Anul III\Semestrul_I\PIU\Proiect\Encrypt\MemoryGame\BuildHere\Output\HtmlHelp1\styles\branding-HelpViewer.css
C:\Program Files (x86)\EWSoftware\Sandcastle Help File Builder\PresentationStyles\VS2013\styles\branding-it-IT.css -&gt; D:\facultate\Anul III\Semestrul_I\PIU\Proiect\Encrypt\MemoryGame\BuildHere\Output\HtmlHelp1\styles\branding-it-IT.css
C:\Program Files (x86)\EWSoftware\Sandcastle Help File Builder\PresentationStyles\VS2013\styles\branding-ja-JP.css -&gt; D:\facultate\Anul III\Semestrul_I\PIU\Proiect\Encrypt\MemoryGame\BuildHere\Output\HtmlHelp1\styles\branding-ja-JP.css
C:\Program Files (x86)\EWSoftware\Sandcastle Help File Builder\PresentationStyles\VS2013\styles\branding-ko-KR.css -&gt; D:\facultate\Anul III\Semestrul_I\PIU\Proiect\Encrypt\MemoryGame\BuildHere\Output\HtmlHelp1\styles\branding-ko-KR.css
C:\Program Files (x86)\EWSoftware\Sandcastle Help File Builder\PresentationStyles\VS2013\styles\branding-pl-PL.css -&gt; D:\facultate\Anul III\Semestrul_I\PIU\Proiect\Encrypt\MemoryGame\BuildHere\Output\HtmlHelp1\styles\branding-pl-PL.css
C:\Program Files (x86)\EWSoftware\Sandcastle Help File Builder\PresentationStyles\VS2013\styles\branding-pt-BR.css -&gt; D:\facultate\Anul III\Semestrul_I\PIU\Proiect\Encrypt\MemoryGame\BuildHere\Output\HtmlHelp1\styles\branding-pt-BR.css
C:\Program Files (x86)\EWSoftware\Sandcastle Help File Builder\PresentationStyles\VS2013\styles\branding-ru-RU.css -&gt; D:\facultate\Anul III\Semestrul_I\PIU\Proiect\Encrypt\MemoryGame\BuildHere\Output\HtmlHelp1\styles\branding-ru-RU.css
C:\Program Files (x86)\EWSoftware\Sandcastle Help File Builder\PresentationStyles\VS2013\styles\branding-tr-TR.css -&gt; D:\facultate\Anul III\Semestrul_I\PIU\Proiect\Encrypt\MemoryGame\BuildHere\Output\HtmlHelp1\styles\branding-tr-TR.css
C:\Program Files (x86)\EWSoftware\Sandcastle Help File Builder\PresentationStyles\VS2013\styles\branding-Website.css -&gt; D:\facultate\Anul III\Semestrul_I\PIU\Proiect\Encrypt\MemoryGame\BuildHere\Output\HtmlHelp1\styles\branding-Website.css
C:\Program Files (x86)\EWSoftware\Sandcastle Help File Builder\PresentationStyles\VS2013\styles\branding-zh-CN.css -&gt; D:\facultate\Anul III\Semestrul_I\PIU\Proiect\Encrypt\MemoryGame\BuildHere\Output\HtmlHelp1\styles\branding-zh-CN.css
C:\Program Files (x86)\EWSoftware\Sandcastle Help File Builder\PresentationStyles\VS2013\styles\branding-zh-TW.css -&gt; D:\facultate\Anul III\Semestrul_I\PIU\Proiect\Encrypt\MemoryGame\BuildHere\Output\HtmlHelp1\styles\branding-zh-TW.css
C:\Program Files (x86)\EWSoftware\Sandcastle Help File Builder\PresentationStyles\VS2013\styles\branding.css -&gt; D:\facultate\Anul III\Semestrul_I\PIU\Proiect\Encrypt\MemoryGame\BuildHere\Output\HtmlHelp1\styles\branding.css
    Last step completed in 00:00:00,1940
</buildStep>
<buildStep step="GenerateHelpFormatTableOfContents">
Generating HTML Help 1 table of contents file...
    Last step completed in 00:00:00,0000
</buildStep>
<buildStep step="GenerateHelpFileIndex">
Generating HTML Help 1 index file...
    Last step completed in 00:00:00,0000
</buildStep>
<buildStep step="GenerateHelpProject">
Generating HTML Help 1 project file...
    Last step completed in 00:00:00,0170
</buildStep>
<buildStep step="CompilingHelpFile">
Compiling HTML Help 1 file...
[C:\Windows\Microsoft.NET\Framework64\v4.0.30319\MSBuild.exe - Build1xHelpFile.proj]
  Microsoft HTML Help Compiler 4.74.8702
  
  
  
  Compiling d:\facultate\Anul III\Semestrul_I\PIU\Proiect\Encrypt\MemoryGame\BuildHere\Output\HtmlHelp1\Documentation.chm
  
  
  
  
  
  Compile time: 0 minutes, 6 seconds
  
  145	Topics
  
  1,481	Local links
  
  0	Internet links
  
  0	Graphics
  
  
  
  
  
  Created d:\facultate\Anul III\Semestrul_I\PIU\Proiect\Encrypt\MemoryGame\BuildHere\Output\HtmlHelp1\Documentation.chm, 263,783 bytes
  
  Compression decreased file by 1,301,922 bytes.
  
    Last step completed in 00:00:12,2377
</buildStep>
<buildStep step="CleanIntermediates">
Removing intermediate files...
    Last step completed in 00:00:00,1320
</buildStep>
<buildStep step="Completed">

Build completed successfully at 11.12.2016 14:10:36.  Total time: 00:01:35,1434

</buildStep>
</shfbBuild>
